<?xml version="1.0" encoding="UTF-8"?>
<!-- Generated by org.testng.reporters.JUnitReportReporter -->
<testsuite hostname="LTIN228343" failures="0" tests="2" name="testCases.TC_002_Honda" time="20.793" errors="0" timestamp="2024-01-30T14:07:17 IST" skipped="0">
  <testcase classname="testCases.TC_002_Honda" name="getBikes" time="17.174"/>
  <system-out/>
  <testcase classname="testCases.TC_002_Honda" name="selectHonda" time="3.619"/>
  <system-out/>
</testsuite> <!-- testCases.TC_002_Honda -->
