<?xml version="1.0" encoding="UTF-8"?>
<!-- Generated by org.testng.reporters.JUnitReportReporter -->
<testsuite hostname="LTIN228343" failures="0" tests="4" name="testCases.TC_003_LoginSignUp" time="78.096" errors="0" timestamp="2024-02-12T00:14:31 IST" skipped="0">
  <testcase classname="testCases.TC_003_LoginSignUp" name="verify" time="0.602"/>
  <system-out/>
  <testcase classname="testCases.TC_003_LoginSignUp" name="upcomingBikes" time="32.427"/>
  <system-out/>
  <testcase classname="testCases.TC_003_LoginSignUp" name="usedCars" time="39.136"/>
  <system-out/>
  <testcase classname="testCases.TC_003_LoginSignUp" name="sign" time="5.931"/>
  <system-out/>
</testsuite> <!-- testCases.TC_003_LoginSignUp -->
