<?xml version="1.0" encoding="UTF-8"?>
<!-- Generated by org.testng.reporters.JUnitReportReporter -->
<testsuite hostname="LTIN228343" failures="0" tests="2" name="testCases.TC_002_usedCars" time="63.721" errors="0" timestamp="2024-01-31T20:26:36 IST" skipped="0">
  <testcase classname="testCases.TC_002_usedCars" name="upcomingBikes" time="23.946"/>
  <system-out/>
  <testcase classname="testCases.TC_002_usedCars" name="usedCars" time="39.775"/>
  <system-out/>
</testsuite> <!-- testCases.TC_002_usedCars -->
