<?xml version="1.0" encoding="UTF-8"?>
<!-- Generated by org.testng.reporters.JUnitReportReporter -->
<testsuite hostname="LTIN228343" failures="0" tests="1" name="testCases.TC_001_Upcoming_Bikes" time="47.767" errors="0" timestamp="2024-01-30T12:42:25 IST" skipped="0">
  <testcase classname="testCases.TC_001_Upcoming_Bikes" name="getBikes" time="47.767"/>
  <system-out/>
</testsuite> <!-- testCases.TC_001_Upcoming_Bikes -->
