<?xml version="1.0" encoding="UTF-8"?>
<!-- Generated by org.testng.reporters.JUnitReportReporter -->
<testsuite hostname="LTIN228343" failures="0" tests="8" name="testCases.TC_003_LoginSignUp" time="155.509" errors="0" timestamp="2024-02-12T09:52:33 IST" skipped="0">
  <testcase classname="testCases.TC_003_LoginSignUp" name="verify" time="0.133"/>
  <system-out/>
  <testcase classname="testCases.TC_003_LoginSignUp" name="verify" time="0.283"/>
  <system-out/>
  <testcase classname="testCases.TC_003_LoginSignUp" name="upcomingBikes" time="31.124"/>
  <system-out/>
  <testcase classname="testCases.TC_003_LoginSignUp" name="upcomingBikes" time="37.484"/>
  <system-out/>
  <testcase classname="testCases.TC_003_LoginSignUp" name="usedCars" time="38.027"/>
  <system-out/>
  <testcase classname="testCases.TC_003_LoginSignUp" name="usedCars" time="36.947"/>
  <system-out/>
  <testcase classname="testCases.TC_003_LoginSignUp" name="sign" time="5.567"/>
  <system-out/>
  <testcase classname="testCases.TC_003_LoginSignUp" name="sign" time="5.944"/>
  <system-out/>
</testsuite> <!-- testCases.TC_003_LoginSignUp -->
