<?xml version="1.0" encoding="UTF-8"?>
<!-- Generated by org.testng.reporters.JUnitReportReporter -->
<testsuite hostname="LTIN228343" failures="0" tests="1" name="testCases.TC_001_UpcomingBikes" time="45.522" errors="0" timestamp="2024-01-31T22:35:53 IST" skipped="0">
  <testcase classname="testCases.TC_001_UpcomingBikes" name="upcomingBikes" time="45.522"/>
  <system-out/>
</testsuite> <!-- testCases.TC_001_UpcomingBikes -->
